2025-05-03 17:50:27,738 - IP_v1 - INFO - Найден пользователь с INN: 589121176
2025-05-03 17:50:30,063 - IP_v1 - INFO - Успешный вход в систему
2025-05-03 17:50:30,063 - IP_v1 - INFO - Начало выполнения отправки отсчета
2025-05-03 17:50:30,063 - IP_v1 - INFO - __________________________________
2025-05-03 17:50:30,063 - IP_v1 - INFO - Переход в главную страницу
2025-05-03 17:50:30,575 - IP_v1 - INFO - Переход в страницу с формой для расчета налога с оборота
2025-05-03 17:50:32,700 - IP_v1 - INFO - Начало заполнении формы
2025-05-03 17:50:32,863 - IP_v1 - INFO - 100 - Налог с оборота
2025-05-03 17:50:33,079 - IP_v1 - INFO - (Тип расчета) - Расчет
2025-05-03 17:50:33,091 - IP_v1 - INFO - (Год) - 2025
2025-05-03 17:50:33,113 - IP_v1 - INFO - (Месяц) - 4
2025-05-03 17:50:33,362 - IP_v1 - INFO - Успешно отправлено
2025-05-03 17:50:36,571 - IP_v1 - INFO - Загрузка файла
2025-05-03 17:50:37,951 - IP_v1 - INFO - Отправка файла в тг
2025-05-03 17:50:38,481 - IP_v1 - INFO - __________________________________
2025-05-03 17:50:38,481 - IP_v1 - INFO - Начало выполнения задачи 1
2025-05-03 17:50:40,158 - IP_v1 - INFO - Получение номера последнего документа
2025-05-03 17:50:41,238 - IP_v1 - INFO - Номер последнего документа: 40
2025-05-03 17:50:41,395 - IP_v1 - INFO - Получение данных со страницы 1
2025-05-03 17:50:42,484 - IP_v1 - INFO - Получена цена 1: 2429800.00
2025-05-03 17:50:42,499 - IP_v1 - INFO - Получение данных со страницы 2
2025-05-03 17:50:43,532 - IP_v1 - INFO - Получена цена 2: 2429800.00
2025-05-03 17:50:43,547 - IP_v1 - INFO - Рассчитанная разница: 0.00
2025-05-03 17:50:43,547 - IP_v1 - INFO - Переход на страницу оплаты
2025-05-03 17:50:43,975 - IP_v1 - INFO - Заполнение формы оплаты
2025-05-03 17:51:13,197 - IP_v1 - INFO - Задача 1 успешно выполнена
2025-05-03 17:51:13,197 - IP_v1 - INFO - Закрытие вкладки...
2025-05-03 17:51:13,204 - IP_v1 - INFO - Закрытие браузера...
2025-05-03 17:51:13,379 - IP_v1 - INFO - Остановка Playwright...
