2025-05-03 15:00:03,285 - IP_v1 - INFO - Попытка входа с ИНН: 61704046600013
2025-05-03 15:00:03,757 - IP_v1 - INFO - Переход на страницу входа
2025-05-03 15:00:07,009 - IP_v1 - INFO - Найден пользователь с PINFL: 61704046600013
2025-05-03 15:00:07,749 - IP_v1 - INFO - Введен пароль
2025-05-03 15:00:08,463 - IP_v1 - INFO - Успешный вход в систему
2025-05-03 15:00:08,463 - IP_v1 - INFO - Начало выполнения отправки отсчета
2025-05-03 15:00:08,463 - IP_v1 - INFO - __________________________________
2025-05-03 15:00:08,463 - IP_v1 - INFO - Переход в главную страницу
2025-05-03 15:00:08,591 - IP_v1 - INFO - Переход в страницу с формой для расчета налога с оборота
2025-05-03 15:00:09,862 - IP_v1 - INFO - Начало заполнении формы
2025-05-03 15:00:09,984 - IP_v1 - INFO - 100 - Налог с оборота
2025-05-03 15:00:10,066 - IP_v1 - INFO - (Тип расчета) - Расчет
2025-05-03 15:00:10,077 - IP_v1 - INFO - (Год) - 2025
2025-05-03 15:00:10,097 - IP_v1 - INFO - (Месяц) - 4
2025-05-03 15:00:10,134 - IP_v1 - INFO - Успешно отправлено
2025-05-03 15:00:13,300 - IP_v1 - INFO - Загрузка файла
2025-05-03 15:00:14,608 - IP_v1 - INFO - Отправка файла в тг
2025-05-03 15:00:15,291 - IP_v1 - INFO - __________________________________
2025-05-03 15:00:15,291 - IP_v1 - INFO - Закрытие вкладки...
2025-05-03 15:00:15,299 - IP_v1 - INFO - Закрытие браузера...
2025-05-03 15:00:15,480 - IP_v1 - INFO - Остановка Playwright...
