2025-05-03 17:54:48,145 - IP_v1 - INFO - Найден пользователь с PINFL: 61704046600013
2025-05-03 17:54:49,641 - IP_v1 - INFO - Успешный вход в систему
2025-05-03 17:54:49,641 - IP_v1 - INFO - Начало выполнения отправки отсчета
2025-05-03 17:54:49,641 - IP_v1 - INFO - __________________________________
2025-05-03 17:54:49,641 - IP_v1 - INFO - Переход в главную страницу
2025-05-03 17:54:49,786 - IP_v1 - INFO - Переход в страницу с формой для расчета налога с оборота
2025-05-03 17:54:51,067 - IP_v1 - INFO - Начало заполнении формы
2025-05-03 17:54:51,190 - IP_v1 - INFO - 100 - Налог с оборота
2025-05-03 17:54:51,309 - IP_v1 - INFO - (Тип расчета) - Расчет
2025-05-03 17:54:51,330 - IP_v1 - INFO - (Год) - 2025
2025-05-03 17:54:51,368 - IP_v1 - INFO - (Месяц) - 4
2025-05-03 17:54:51,414 - IP_v1 - INFO - Успешно отправлено
2025-05-03 17:54:54,605 - IP_v1 - INFO - Загрузка файла
2025-05-03 17:54:55,437 - IP_v1 - INFO - Отправка файла в тг
2025-05-03 17:54:55,946 - IP_v1 - INFO - __________________________________
2025-05-03 17:54:55,946 - IP_v1 - INFO - Начало выполнения задачи 1
2025-05-03 17:54:57,598 - IP_v1 - INFO - Получение номера последнего документа
2025-05-03 17:54:58,365 - IP_v1 - INFO - Номер последнего документа: 20
2025-05-03 17:54:58,480 - IP_v1 - INFO - Получение данных со страницы 1
2025-05-03 17:54:59,607 - IP_v1 - INFO - Получена цена 1: 4287515.60
2025-05-03 17:54:59,633 - IP_v1 - INFO - Получение данных со страницы 2
2025-05-03 17:55:00,686 - IP_v1 - INFO - Получена цена 2: 2066595.60
2025-05-03 17:55:00,714 - IP_v1 - INFO - Рассчитанная разница: 2220920.00
2025-05-03 17:55:00,714 - IP_v1 - INFO - Переход на страницу оплаты
2025-05-03 17:55:01,136 - IP_v1 - INFO - Заполнение формы оплаты
2025-05-03 17:55:30,878 - IP_v1 - INFO - Задача 1 успешно выполнена
2025-05-03 17:55:30,878 - IP_v1 - INFO - Закрытие вкладки...
2025-05-03 17:55:30,888 - IP_v1 - INFO - Закрытие браузера...
2025-05-03 17:55:31,105 - IP_v1 - INFO - Остановка Playwright...
