2025-05-03 17:49:21,791 - IP_v1 - INFO - Найден пользователь с PINFL: 61704046600013
2025-05-03 17:49:23,295 - IP_v1 - INFO - Успешный вход в систему
2025-05-03 17:49:23,295 - IP_v1 - INFO - Начало выполнения отправки отсчета
2025-05-03 17:49:23,295 - IP_v1 - INFO - __________________________________
2025-05-03 17:49:23,295 - IP_v1 - INFO - Переход в главную страницу
2025-05-03 17:49:23,431 - IP_v1 - INFO - Переход в страницу с формой для расчета налога с оборота
2025-05-03 17:49:24,704 - IP_v1 - INFO - Начало заполнении формы
2025-05-03 17:49:24,823 - IP_v1 - INFO - 100 - Налог с оборота
2025-05-03 17:49:24,905 - IP_v1 - INFO - (Тип расчета) - Расчет
2025-05-03 17:49:24,916 - IP_v1 - INFO - (Год) - 2025
2025-05-03 17:49:24,935 - IP_v1 - INFO - (Месяц) - 4
2025-05-03 17:49:24,971 - IP_v1 - INFO - Успешно отправлено
2025-05-03 17:49:28,148 - IP_v1 - INFO - Загрузка файла
2025-05-03 17:49:29,482 - IP_v1 - INFO - Отправка файла в тг
2025-05-03 17:49:30,046 - IP_v1 - INFO - __________________________________
2025-05-03 17:49:30,046 - IP_v1 - INFO - Начало выполнения задачи 1
2025-05-03 17:49:31,691 - IP_v1 - INFO - Получение номера последнего документа
2025-05-03 17:49:32,402 - IP_v1 - INFO - Номер последнего документа: 20
2025-05-03 17:49:32,521 - IP_v1 - INFO - Получение данных со страницы 1
2025-05-03 17:49:33,614 - IP_v1 - INFO - Получена цена 1: 4287515.60
2025-05-03 17:49:33,629 - IP_v1 - INFO - Получение данных со страницы 2
2025-05-03 17:49:34,668 - IP_v1 - INFO - Получена цена 2: 2066595.60
2025-05-03 17:49:34,683 - IP_v1 - INFO - Рассчитанная разница: 2220920.00
2025-05-03 17:49:34,683 - IP_v1 - INFO - Переход на страницу оплаты
2025-05-03 17:49:35,080 - IP_v1 - INFO - Заполнение формы оплаты
2025-05-03 17:50:04,303 - IP_v1 - INFO - Задача 1 успешно выполнена
2025-05-03 17:50:04,303 - IP_v1 - INFO - Закрытие вкладки...
2025-05-03 17:50:04,309 - IP_v1 - INFO - Закрытие браузера...
2025-05-03 17:50:04,487 - IP_v1 - INFO - Остановка Playwright...
